2020-02-14 16:57:39,345 INFO [api_login.py(api_login:14)] - 请求的head：
2020-02-14 16:57:39,546 INFO [test01_login.py(test_login:20)] - 登陆的结果为：
2020-02-14 16:57:39,547 INFO [test01_login.py(test_login:29)] - 追加后的api.head为：
2020-02-14 16:57:39,547 INFO [api_employee.py(api_post_employee:21)] - 添加员工的数据data为：{'username': 'yzz-gz-0043', 'mobile': '1301111074', 'workNumber': '13278533'},添加员工返回的id为：{'Content-Type': 'application/json', 'Authorization': 'Bearer be5b7cf5-d2d7-44db-9f7d-1b842596bdb2'}
2020-02-14 16:57:39,745 INFO [api_employee.py(api_put_employee:29)] - 修改员工的数据data为：{'username': 'ya-g-11'},修改员工返回的id为：{'Content-Type': 'application/json', 'Authorization': 'Bearer be5b7cf5-d2d7-44db-9f7d-1b842596bdb2'}
2020-02-14 16:57:39,966 INFO [api_employee.py(api_get_employee:34)] - 查询员工返回的id为：{'Content-Type': 'application/json', 'Authorization': 'Bearer be5b7cf5-d2d7-44db-9f7d-1b842596bdb2'}
2020-02-14 16:57:40,160 INFO [api_employee.py(api_delete_employee:40)] - 删除员工返回的id为：{'Content-Type': 'application/json', 'Authorization': 'Bearer be5b7cf5-d2d7-44db-9f7d-1b842596bdb2'}
2020-02-14 18:21:25,992 INFO [api_login.py(api_login:14)] - 请求的head：
2020-02-14 18:21:26,196 INFO [test01_login.py(test_login:20)] - 登陆的结果为：
2020-02-14 18:21:26,196 INFO [test01_login.py(test_login:29)] - 追加后的api.head为：
2020-02-14 18:21:26,197 INFO [api_employee.py(api_post_employee:21)] - 添加员工的数据data为：{'username': 'yzz-gz-0043', 'mobile': '1301111074', 'workNumber': '13278533'},添加员工返回的id为：{'Content-Type': 'application/json', 'Authorization': 'Bearer b7711b7b-a184-4012-84ad-df8f92ac0cb7'}
2020-02-14 18:21:26,417 INFO [api_employee.py(api_put_employee:29)] - 修改员工的数据data为：{'username': 'ya-g-11'},修改员工返回的id为：{'Content-Type': 'application/json', 'Authorization': 'Bearer b7711b7b-a184-4012-84ad-df8f92ac0cb7'}
2020-02-14 18:21:26,629 INFO [api_employee.py(api_get_employee:34)] - 查询员工返回的id为：{'Content-Type': 'application/json', 'Authorization': 'Bearer b7711b7b-a184-4012-84ad-df8f92ac0cb7'}
2020-02-14 18:21:26,818 INFO [api_employee.py(api_delete_employee:40)] - 删除员工返回的id为：{'Content-Type': 'application/json', 'Authorization': 'Bearer b7711b7b-a184-4012-84ad-df8f92ac0cb7'}
2020-02-14 18:33:54,911 INFO [api_login.py(api_login:14)] - 请求的head：
2020-02-14 18:33:55,111 INFO [test01_login.py(test_login:20)] - 登陆的结果为：
2020-02-14 18:33:55,112 INFO [test01_login.py(test_login:29)] - 追加后的api.head为：
2020-02-14 18:33:55,112 INFO [api_employee.py(api_post_employee:21)] - 添加员工的数据data为：{'username': 'yzz-gz-0043', 'mobile': '1301111074', 'workNumber': '13278533'},添加员工返回的id为：{'Content-Type': 'application/json', 'Authorization': 'Bearer b67c0531-c372-453a-a3d3-22625d0c21d7'}
2020-02-14 18:33:55,323 INFO [api_employee.py(api_put_employee:29)] - 修改员工的数据data为：{'username': 'ya-g-11'},修改员工返回的id为：{'Content-Type': 'application/json', 'Authorization': 'Bearer b67c0531-c372-453a-a3d3-22625d0c21d7'}
2020-02-14 18:33:55,520 INFO [api_employee.py(api_get_employee:34)] - 查询员工返回的id为：{'Content-Type': 'application/json', 'Authorization': 'Bearer b67c0531-c372-453a-a3d3-22625d0c21d7'}
2020-02-14 18:33:55,706 INFO [api_employee.py(api_delete_employee:40)] - 删除员工返回的id为：{'Content-Type': 'application/json', 'Authorization': 'Bearer b67c0531-c372-453a-a3d3-22625d0c21d7'}
2020-02-14 18:35:02,199 INFO [api_login.py(api_login:14)] - 请求的head：
2020-02-14 18:35:02,396 INFO [test01_login.py(test_login:20)] - 登陆的结果为：
2020-02-14 18:35:02,396 INFO [test01_login.py(test_login:29)] - 追加后的api.head为：
2020-02-14 18:35:02,397 INFO [api_employee.py(api_post_employee:21)] - 添加员工的数据data为：{'username': 'yzz-gz-0043', 'mobile': '1301111074', 'workNumber': '13278533'},添加员工返回的id为：{'Content-Type': 'application/json', 'Authorization': 'Bearer a9965f8b-4952-467e-a0f2-c3a81018ea5c'}
2020-02-14 18:35:02,601 INFO [api_employee.py(api_put_employee:29)] - 修改员工的数据data为：{'username': 'ya-g-11'},修改员工返回的id为：{'Content-Type': 'application/json', 'Authorization': 'Bearer a9965f8b-4952-467e-a0f2-c3a81018ea5c'}
2020-02-14 18:35:02,815 INFO [api_employee.py(api_get_employee:34)] - 查询员工返回的id为：{'Content-Type': 'application/json', 'Authorization': 'Bearer a9965f8b-4952-467e-a0f2-c3a81018ea5c'}
2020-02-14 18:35:03,000 INFO [api_employee.py(api_delete_employee:40)] - 删除员工返回的id为：{'Content-Type': 'application/json', 'Authorization': 'Bearer a9965f8b-4952-467e-a0f2-c3a81018ea5c'}
2020-02-14 18:55:50,811 INFO [api_login.py(api_login:14)] - 请求的head：
2020-02-14 18:55:51,019 INFO [test01_login.py(test_login:20)] - 登陆的结果为：
2020-02-14 18:55:51,019 INFO [test01_login.py(test_login:29)] - 追加后的api.head为：
2020-02-14 18:55:51,020 INFO [api_employee.py(api_post_employee:21)] - 添加员工的数据data为：{'username': 'yzz-gz-0043', 'mobile': '1301111074', 'workNumber': '13278533'},添加员工返回的id为：{'Content-Type': 'application/json', 'Authorization': 'Bearer 7f6f459e-afba-4b89-8e13-0ca9faa8a239'}
2020-02-14 18:55:51,237 INFO [api_employee.py(api_put_employee:29)] - 修改员工的数据data为：{'username': 'ya-g-11'},修改员工返回的id为：{'Content-Type': 'application/json', 'Authorization': 'Bearer 7f6f459e-afba-4b89-8e13-0ca9faa8a239'}
2020-02-14 18:55:51,453 INFO [api_employee.py(api_get_employee:34)] - 查询员工返回的id为：{'Content-Type': 'application/json', 'Authorization': 'Bearer 7f6f459e-afba-4b89-8e13-0ca9faa8a239'}
2020-02-14 18:55:51,631 INFO [api_employee.py(api_delete_employee:40)] - 删除员工返回的id为：{'Content-Type': 'application/json', 'Authorization': 'Bearer 7f6f459e-afba-4b89-8e13-0ca9faa8a239'}
2020-02-14 19:00:16,496 INFO [api_login.py(api_login:14)] - 请求的head：
2020-02-14 19:00:16,725 INFO [test01_login.py(test_login:20)] - 登陆的结果为：
2020-02-14 19:00:16,726 INFO [test01_login.py(test_login:29)] - 追加后的api.head为：
2020-02-14 19:00:16,727 INFO [api_employee.py(api_post_employee:21)] - 添加员工的数据data为：{'username': 'yzz-gz-0043', 'mobile': '1301111074', 'workNumber': '13278533'},添加员工返回的id为：{'Content-Type': 'application/json', 'Authorization': 'Bearer 9fbaa390-32d9-4b3e-a50e-f20df1078fdf'}
2020-02-14 19:00:16,922 INFO [api_employee.py(api_put_employee:29)] - 修改员工的数据data为：{'username': 'ya-g-11'},修改员工返回的id为：{'Content-Type': 'application/json', 'Authorization': 'Bearer 9fbaa390-32d9-4b3e-a50e-f20df1078fdf'}
2020-02-14 19:00:17,167 INFO [api_employee.py(api_get_employee:34)] - 查询员工返回的id为：{'Content-Type': 'application/json', 'Authorization': 'Bearer 9fbaa390-32d9-4b3e-a50e-f20df1078fdf'}
2020-02-14 19:00:17,361 INFO [api_employee.py(api_delete_employee:40)] - 删除员工返回的id为：{'Content-Type': 'application/json', 'Authorization': 'Bearer 9fbaa390-32d9-4b3e-a50e-f20df1078fdf'}
2020-02-14 19:00:45,636 INFO [api_login.py(api_login:14)] - 请求的head：
2020-02-14 19:00:45,859 INFO [test01_login.py(test_login:20)] - 登陆的结果为：
2020-02-14 19:00:45,860 INFO [test01_login.py(test_login:29)] - 追加后的api.head为：
2020-02-14 19:00:45,861 INFO [api_employee.py(api_post_employee:21)] - 添加员工的数据data为：{'username': 'yzz-gz-0043', 'mobile': '1301111074', 'workNumber': '13278533'},添加员工返回的id为：{'Content-Type': 'application/json', 'Authorization': 'Bearer 63691ee6-0ea6-4007-8cbf-0bedbc4a0f6b'}
2020-02-14 19:00:46,069 INFO [api_employee.py(api_put_employee:29)] - 修改员工的数据data为：{'username': 'ya-g-11'},修改员工返回的id为：{'Content-Type': 'application/json', 'Authorization': 'Bearer 63691ee6-0ea6-4007-8cbf-0bedbc4a0f6b'}
2020-02-14 19:00:46,298 INFO [api_employee.py(api_get_employee:34)] - 查询员工返回的id为：{'Content-Type': 'application/json', 'Authorization': 'Bearer 63691ee6-0ea6-4007-8cbf-0bedbc4a0f6b'}
2020-02-14 19:00:46,493 INFO [api_employee.py(api_delete_employee:40)] - 删除员工返回的id为：{'Content-Type': 'application/json', 'Authorization': 'Bearer 63691ee6-0ea6-4007-8cbf-0bedbc4a0f6b'}
2020-02-14 19:06:09,890 INFO [api_login.py(api_login:14)] - 请求的head：
2020-02-14 19:06:10,102 INFO [test01_login.py(test_login:20)] - 登陆的结果为：
2020-02-14 19:06:10,103 INFO [test01_login.py(test_login:29)] - 追加后的api.head为：
2020-02-14 19:06:10,103 INFO [api_employee.py(api_post_employee:21)] - 添加员工的数据data为：{'username': 'yzz-gz-0043', 'mobile': '1301111074', 'workNumber': '13278533'},添加员工返回的id为：{'Content-Type': 'application/json', 'Authorization': 'Bearer 24493f1b-6ee2-4dac-b2f8-a1d2d74c5557'}
2020-02-14 19:06:10,316 INFO [api_employee.py(api_put_employee:29)] - 修改员工的数据data为：{'username': 'ya-g-11'},修改员工返回的id为：{'Content-Type': 'application/json', 'Authorization': 'Bearer 24493f1b-6ee2-4dac-b2f8-a1d2d74c5557'}
2020-02-14 19:06:10,526 INFO [api_employee.py(api_get_employee:34)] - 查询员工返回的id为：{'Content-Type': 'application/json', 'Authorization': 'Bearer 24493f1b-6ee2-4dac-b2f8-a1d2d74c5557'}
2020-02-14 19:06:10,743 INFO [api_employee.py(api_delete_employee:40)] - 删除员工返回的id为：{'Content-Type': 'application/json', 'Authorization': 'Bearer 24493f1b-6ee2-4dac-b2f8-a1d2d74c5557'}
2020-02-14 19:06:22,969 INFO [api_login.py(api_login:14)] - 请求的head：
2020-02-14 19:06:23,158 INFO [test01_login.py(test_login:20)] - 登陆的结果为：
2020-02-14 19:06:23,158 INFO [test01_login.py(test_login:29)] - 追加后的api.head为：
2020-02-14 19:06:23,159 INFO [api_employee.py(api_post_employee:21)] - 添加员工的数据data为：{'username': 'yzz-gz-0043', 'mobile': '1301111074', 'workNumber': '13278533'},添加员工返回的id为：{'Content-Type': 'application/json', 'Authorization': 'Bearer 9d707b12-cf92-40aa-8ddf-33a9afbf3e2a'}
2020-02-14 19:06:23,396 INFO [api_employee.py(api_put_employee:29)] - 修改员工的数据data为：{'username': 'ya-g-11'},修改员工返回的id为：{'Content-Type': 'application/json', 'Authorization': 'Bearer 9d707b12-cf92-40aa-8ddf-33a9afbf3e2a'}
2020-02-14 19:06:23,626 INFO [api_employee.py(api_get_employee:34)] - 查询员工返回的id为：{'Content-Type': 'application/json', 'Authorization': 'Bearer 9d707b12-cf92-40aa-8ddf-33a9afbf3e2a'}
2020-02-14 19:06:23,839 INFO [api_employee.py(api_delete_employee:40)] - 删除员工返回的id为：{'Content-Type': 'application/json', 'Authorization': 'Bearer 9d707b12-cf92-40aa-8ddf-33a9afbf3e2a'}
2020-02-14 19:13:25,017 INFO [api_login.py(api_login:14)] - 请求的head：
2020-02-14 19:13:25,218 INFO [test01_login.py(test_login:20)] - 登陆的结果为：
2020-02-14 19:13:25,219 INFO [test01_login.py(test_login:29)] - 追加后的api.head为：
2020-02-14 19:13:25,220 INFO [api_employee.py(api_post_employee:21)] - 添加员工的数据data为：{'username': 'yzz-gz-0043', 'mobile': '1301111074', 'workNumber': '13278533'},添加员工返回的id为：{'Content-Type': 'application/json', 'Authorization': 'Bearer 86167719-4383-4782-a2d2-c0a4595db47e'}
2020-02-14 19:13:25,476 INFO [api_employee.py(api_put_employee:29)] - 修改员工的数据data为：{'username': 'ya-g-11'},修改员工返回的id为：{'Content-Type': 'application/json', 'Authorization': 'Bearer 86167719-4383-4782-a2d2-c0a4595db47e'}
2020-02-14 19:13:25,696 INFO [api_employee.py(api_get_employee:34)] - 查询员工返回的id为：{'Content-Type': 'application/json', 'Authorization': 'Bearer 86167719-4383-4782-a2d2-c0a4595db47e'}
2020-02-14 19:13:25,990 INFO [api_employee.py(api_delete_employee:40)] - 删除员工返回的id为：{'Content-Type': 'application/json', 'Authorization': 'Bearer 86167719-4383-4782-a2d2-c0a4595db47e'}
2020-02-14 19:13:42,314 INFO [api_login.py(api_login:14)] - 请求的head：
2020-02-14 19:13:42,509 INFO [test01_login.py(test_login:20)] - 登陆的结果为：
2020-02-14 19:13:42,513 INFO [test01_login.py(test_login:29)] - 追加后的api.head为：
2020-02-14 19:13:42,635 INFO [api_employee.py(api_post_employee:21)] - 添加员工的数据data为：{'username': 'yzz-gz-0043', 'mobile': '1301111074', 'workNumber': '13278533'},添加员工返回的id为：{'Content-Type': 'application/json', 'Authorization': 'Bearer 4f6b177d-cb68-4041-bce2-40ad07e4a155'}
2020-02-14 19:13:42,970 INFO [api_employee.py(api_put_employee:29)] - 修改员工的数据data为：{'username': 'ya-g-11'},修改员工返回的id为：{'Content-Type': 'application/json', 'Authorization': 'Bearer 4f6b177d-cb68-4041-bce2-40ad07e4a155'}
2020-02-14 19:13:43,342 INFO [api_employee.py(api_get_employee:34)] - 查询员工返回的id为：{'Content-Type': 'application/json', 'Authorization': 'Bearer 4f6b177d-cb68-4041-bce2-40ad07e4a155'}
2020-02-14 19:13:43,613 INFO [api_employee.py(api_delete_employee:40)] - 删除员工返回的id为：{'Content-Type': 'application/json', 'Authorization': 'Bearer 4f6b177d-cb68-4041-bce2-40ad07e4a155'}
2020-02-14 19:16:14,222 INFO [api_login.py(api_login:14)] - 请求的head：
2020-02-14 19:16:14,427 INFO [test01_login.py(test_login:20)] - 登陆的结果为：
2020-02-14 19:16:14,429 INFO [test01_login.py(test_login:29)] - 追加后的api.head为：
2020-02-14 19:16:14,547 INFO [api_employee.py(api_post_employee:21)] - 添加员工的数据data为：{'username': 'yzz-gz-0043', 'mobile': '1301111074', 'workNumber': '13278533'},添加员工返回的id为：{'Content-Type': 'application/json', 'Authorization': 'Bearer b02341c9-6596-4275-9f0a-99c71c27e337'}
2020-02-14 19:16:14,927 INFO [api_employee.py(api_put_employee:29)] - 修改员工的数据data为：{'username': 'ya-g-11'},修改员工返回的id为：{'Content-Type': 'application/json', 'Authorization': 'Bearer b02341c9-6596-4275-9f0a-99c71c27e337'}
2020-02-14 19:16:15,272 INFO [api_employee.py(api_get_employee:34)] - 查询员工返回的id为：{'Content-Type': 'application/json', 'Authorization': 'Bearer b02341c9-6596-4275-9f0a-99c71c27e337'}
2020-02-14 19:16:15,555 INFO [api_employee.py(api_delete_employee:40)] - 删除员工返回的id为：{'Content-Type': 'application/json', 'Authorization': 'Bearer b02341c9-6596-4275-9f0a-99c71c27e337'}
